<?xml version="1.0" encoding="UTF-8"?>
<testsuite xmlns:xsi="http://www.w3.org/2001/XMLSchema-instance" xsi:noNamespaceSchemaLocation="https://maven.apache.org/surefire/maven-surefire-plugin/xsd/surefire-test-report-3.0.xsd" version="3.0" name="com.cloudmart.ProductControllerTest" time="6.708" tests="1" errors="0" skipped="0" failures="0">
  <properties>
[...]
</properties>
  <testcase name="healthEndpointShouldReturnUpStatus" classname="com.cloudmart.ProductControllerTest" time="2.339">
    <system-out><![CDATA[22:38:01.836 [main] INFO org.springframework.test.context.support.AnnotationConfigContextLoaderUtils -- Could not detect default configuration classes for test class [com.cloudmart.ProductControllerTest]: ProductControllerTest does not declare any static, non-private, non-final, nested classes annotated with @Configuration.
22:38:02.036 [main] INFO org.springframework.boot.test.context.SpringBootTestContextBootstrapper -- Found @SpringBootConfiguration com.cloudmart.CloudMartApplication for test class com.cloudmart.ProductControllerTest
  .   ____          _            __ _ _
 /\\ / ___'_ __ _ _(_)_ __  __ _ \ \ \ \
( ( )\___ | '_ | '_| | '_ \/ _` | \ \ \ \
 \\/  ___)| |_)| | | | | || (_| |  ) ) ) )
  '  |____| .__|_| |_|_| |_\__, | / / / /
 =========|_|==============|___/=/_/_/_/

 :: Spring Boot ::                (v3.3.0)

2026-06-29T22:38:02.853+05:30  INFO 8332 --- [           main] com.cloudmart.ProductControllerTest      : Starting ProductControllerTest using Java 17.0.12 with PID 8332 (started by NavyaArunachala in C:\Users\NavyaArunachala\Downloads\CLOUDMART\CLOUDMART)
2026-06-29T22:38:02.853+05:30  INFO 8332 --- [           main] com.cloudmart.ProductControllerTest      : No active profile set, falling back to 1 default profile: "default"
2026-06-29T22:38:04.870+05:30  INFO 8332 --- [           main] o.s.b.w.embedded.tomcat.TomcatWebServer  : Tomcat initialized with port 0 (http)
2026-06-29T22:38:04.905+05:30  INFO 8332 --- [           main] o.apache.catalina.core.StandardService   : Starting service [Tomcat]
2026-06-29T22:38:04.905+05:30  INFO 8332 --- [           main] o.apache.catalina.core.StandardEngine    : Starting Servlet engine: [Apache Tomcat/10.1.24]
2026-06-29T22:38:05.014+05:30  INFO 8332 --- [           main] o.a.c.c.C.[Tomcat].[localhost].[/]       : Initializing Spring embedded WebApplicationContext
2026-06-29T22:38:05.019+05:30  INFO 8332 --- [           main] w.s.c.ServletWebServerApplicationContext : Root WebApplicationContext: initialization completed in 2122 ms
2026-06-29T22:38:05.915+05:30  INFO 8332 --- [           main] o.s.b.w.embedded.tomcat.TomcatWebServer  : Tomcat started on port 52235 (http) with context path '/'
2026-06-29T22:38:05.937+05:30  INFO 8332 --- [           main] com.cloudmart.ProductControllerTest      : Started ProductControllerTest in 3.599 seconds (process running for 5.129)
2026-06-29T22:38:07.937+05:30  INFO 8332 --- [o-auto-1-exec-1] o.a.c.c.C.[Tomcat].[localhost].[/]       : Initializing Spring DispatcherServlet 'dispatcherServlet'
2026-06-29T22:38:07.937+05:30  INFO 8332 --- [o-auto-1-exec-1] o.s.web.servlet.DispatcherServlet        : Initializing Servlet 'dispatcherServlet'
2026-06-29T22:38:07.944+05:30  INFO 8332 --- [o-auto-1-exec-1] o.s.web.servlet.DispatcherServlet        : Completed initialization in 7 ms
]]></system-out>
  </testcase>
</testsuite>